<?xml version="1.0" encoding="UTF-8"?>
<!-- Generated by org.testng.reporters.JUnitXMLReporter -->
<testsuite ignored="0" hostname="DESKTOP-IDL29P6" failures="1" tests="1" name="Test" time="2.059" errors="0" timestamp="2023-05-08T13:41:58 IST">
  <testcase classname="io.cucumber.testng.AbstractTestNGCucumberTests" name="runScenario" time="0.877">
    <failure type="io.cucumber.testng.UndefinedStepException" message="The step &amp;apos;User select valid User Role &amp;quot;Admin&amp;quot;&amp;apos; and 6 other step(s) are undefined.
You can implement these steps using the snippet(s) below:

@Then(&amp;quot;User select valid User Role {string}&amp;quot;)
public void user_select_valid_user_role(String string) {
    // Write code here that turns the phrase above into concrete actions
    throw new io.cucumber.java.PendingException();
}
Then(&amp;quot;User select valid User Role {string}&amp;quot;, (String string) -&amp;gt; {
    // Write code here that turns the phrase above into concrete actions
    throw new io.cucumber.java8.PendingException();
});
@Then(&amp;quot;User enter valid Status {string}&amp;quot;)
public void user_enter_valid_status(String string) {
    // Write code here that turns the phrase above into concrete actions
    throw new io.cucumber.java.PendingException();
}
Then(&amp;quot;User enter valid Status {string}&amp;quot;, (String string) -&amp;gt; {
    // Write code here that turns the phrase above into concrete actions
    throw new io.cucumber.java8.PendingException();
});
@Then(&amp;quot;User enter valid UserName {string}&amp;quot;)
public void user_enter_valid_user_name(String string) {
    // Write code here that turns the phrase above into concrete actions
    throw new io.cucumber.java.PendingException();
}
Then(&amp;quot;User enter valid UserName {string}&amp;quot;, (String string) -&amp;gt; {
    // Write code here that turns the phrase above into concrete actions
    throw new io.cucumber.java8.PendingException();
});
@Then(&amp;quot;User enter valid  Password {string}&amp;quot;)
public void user_enter_valid_password(String string) {
    // Write code here that turns the phrase above into concrete actions
    throw new io.cucumber.java.PendingException();
}
Then(&amp;quot;User enter valid  Password {string}&amp;quot;, (String string) -&amp;gt; {
    // Write code here that turns the phrase above into concrete actions
    throw new io.cucumber.java8.PendingException();
});
@Then(&amp;quot;User enter valid  ConfirmPassword {string}&amp;quot;)
public void user_enter_valid_confirm_password(String string) {
    // Write code here that turns the phrase above into concrete actions
    throw new io.cucumber.java.PendingException();
}
Then(&amp;quot;User enter valid  ConfirmPassword {string}&amp;quot;, (String string) -&amp;gt; {
    // Write code here that turns the phrase above into concrete actions
    throw new io.cucumber.java8.PendingException();
});
@Then(&amp;quot;User clicks on the submit button&amp;quot;)
public void user_clicks_on_the_submit_button() {
    // Write code here that turns the phrase above into concrete actions
    throw new io.cucumber.java.PendingException();
}
Then(&amp;quot;User clicks on the submit button&amp;quot;, () -&amp;gt; {
    // Write code here that turns the phrase above into concrete actions
    throw new io.cucumber.java8.PendingException();
});
@Then(&amp;quot;User close the browser&amp;quot;)
public void user_close_the_browser() {
    // Write code here that turns the phrase above into concrete actions
    throw new io.cucumber.java.PendingException();
}
Then(&amp;quot;User close the browser&amp;quot;, () -&amp;gt; {
    // Write code here that turns the phrase above into concrete actions
    throw new io.cucumber.java8.PendingException();
});
">
      <![CDATA[io.cucumber.testng.UndefinedStepException: The step 'User select valid User Role "Admin"' and 6 other step(s) are undefined.
You can implement these steps using the snippet(s) below:

@Then("User select valid User Role {string}")
public void user_select_valid_user_role(String string) {
    // Write code here that turns the phrase above into concrete actions
    throw new io.cucumber.java.PendingException();
}
Then("User select valid User Role {string}", (String string) -> {
    // Write code here that turns the phrase above into concrete actions
    throw new io.cucumber.java8.PendingException();
});
@Then("User enter valid Status {string}")
public void user_enter_valid_status(String string) {
    // Write code here that turns the phrase above into concrete actions
    throw new io.cucumber.java.PendingException();
}
Then("User enter valid Status {string}", (String string) -> {
    // Write code here that turns the phrase above into concrete actions
    throw new io.cucumber.java8.PendingException();
});
@Then("User enter valid UserName {string}")
public void user_enter_valid_user_name(String string) {
    // Write code here that turns the phrase above into concrete actions
    throw new io.cucumber.java.PendingException();
}
Then("User enter valid UserName {string}", (String string) -> {
    // Write code here that turns the phrase above into concrete actions
    throw new io.cucumber.java8.PendingException();
});
@Then("User enter valid  Password {string}")
public void user_enter_valid_password(String string) {
    // Write code here that turns the phrase above into concrete actions
    throw new io.cucumber.java.PendingException();
}
Then("User enter valid  Password {string}", (String string) -> {
    // Write code here that turns the phrase above into concrete actions
    throw new io.cucumber.java8.PendingException();
});
@Then("User enter valid  ConfirmPassword {string}")
public void user_enter_valid_confirm_password(String string) {
    // Write code here that turns the phrase above into concrete actions
    throw new io.cucumber.java.PendingException();
}
Then("User enter valid  ConfirmPassword {string}", (String string) -> {
    // Write code here that turns the phrase above into concrete actions
    throw new io.cucumber.java8.PendingException();
});
@Then("User clicks on the submit button")
public void user_clicks_on_the_submit_button() {
    // Write code here that turns the phrase above into concrete actions
    throw new io.cucumber.java.PendingException();
}
Then("User clicks on the submit button", () -> {
    // Write code here that turns the phrase above into concrete actions
    throw new io.cucumber.java8.PendingException();
});
@Then("User close the browser")
public void user_close_the_browser() {
    // Write code here that turns the phrase above into concrete actions
    throw new io.cucumber.java.PendingException();
}
Then("User close the browser", () -> {
    // Write code here that turns the phrase above into concrete actions
    throw new io.cucumber.java8.PendingException();
});

at io.cucumber.core.runtime.TestCaseResultObserver.assertTestCasePassed(TestCaseResultObserver.java:69)
at io.cucumber.testng.TestCaseResultObserver.assertTestCasePassed(TestCaseResultObserver.java:23)
at io.cucumber.testng.TestNGCucumberRunner.lambda$runScenario$1(TestNGCucumberRunner.java:133)
at io.cucumber.core.runtime.CucumberExecutionContext.lambda$runTestCase$5(CucumberExecutionContext.java:130)
at io.cucumber.core.runtime.RethrowingThrowableCollector.executeAndThrow(RethrowingThrowableCollector.java:23)
at io.cucumber.core.runtime.CucumberExecutionContext.runTestCase(CucumberExecutionContext.java:130)
at io.cucumber.testng.TestNGCucumberRunner.runScenario(TestNGCucumberRunner.java:129)
at io.cucumber.testng.AbstractTestNGCucumberTests.runScenario(AbstractTestNGCucumberTests.java:35)
at java.base/java.util.ArrayList.forEach(ArrayList.java:1511)
... Removed 25 stack frames]]>
    </failure>
  </testcase> <!-- runScenario -->
</testsuite> <!-- Test -->
